  Circle.cpp
C:\Users\A47521\Desktop\EDA\2122SI\FichasPraticas\FP6\Circle.cpp(47,66): error C2664: 'BOOL TextOutW(HDC,int,int,LPCWSTR,int)': cannot convert argument 4 from 'char [80]' to 'LPCWSTR'
C:\Users\A47521\Desktop\EDA\2122SI\FichasPraticas\FP6\Circle.cpp(47,50): message : Types pointed to are unrelated; conversion requires reinterpret_cast, C-style cast or function-style cast
C:\Program Files (x86)\Windows Kits\10\Include\10.0.18362.0\um\wingdi.h(5101,25): message : see declaration of 'TextOutW'
  Window.cpp
C:\Users\A47521\Desktop\EDA\2122SI\FichasPraticas\FP6\Window.cpp(22,50): error C2440: 'initializing': cannot convert from 'const char [12]' to 'LPCWSTR'
C:\Users\A47521\Desktop\EDA\2122SI\FichasPraticas\FP6\Window.cpp(22,6): message : Types pointed to are unrelated; conversion requires reinterpret_cast, C-style cast or function-style cast
C:\Users\A47521\Desktop\EDA\2122SI\FichasPraticas\FP6\Window.cpp(26,14): error C2664: 'HWND CreateWindowExW(DWORD,LPCWSTR,LPCWSTR,DWORD,int,int,int,int,HWND,HMENU,HINSTANCE,LPVOID)': cannot convert argument 2 from 'const char [12]' to 'LPCWSTR'
C:\Users\A47521\Desktop\EDA\2122SI\FichasPraticas\FP6\Window.cpp(26,32): message : Types pointed to are unrelated; conversion requires reinterpret_cast, C-style cast or function-style cast
C:\Program Files (x86)\Windows Kits\10\Include\10.0.18362.0\um\winuser.h(4436,1): message : see declaration of 'CreateWindowExW'
C:\Users\A47521\Desktop\EDA\2122SI\FichasPraticas\FP6\Window.cpp(68,138): error C2664: 'HANDLE LoadImageW(HINSTANCE,LPCWSTR,UINT,int,int,UINT)': cannot convert argument 2 from 'const char *' to 'LPCWSTR'
C:\Users\A47521\Desktop\EDA\2122SI\FichasPraticas\FP6\Window.cpp(68,71): message : Types pointed to are unrelated; conversion requires reinterpret_cast, C-style cast or function-style cast
C:\Program Files (x86)\Windows Kits\10\Include\10.0.18362.0\um\winuser.h(10815,1): message : see declaration of 'LoadImageW'
C:\Users\A47521\Desktop\EDA\2122SI\FichasPraticas\FP6\Window.cpp(68,187): error C2440: 'initializing': cannot convert from 'const char [12]' to 'LPCWSTR'
C:\Users\A47521\Desktop\EDA\2122SI\FichasPraticas\FP6\Window.cpp(68,145): message : Types pointed to are unrelated; conversion requires reinterpret_cast, C-style cast or function-style cast
C:\Users\A47521\Desktop\EDA\2122SI\FichasPraticas\FP6\Window.cpp(68,187): error C2440: 'initializing': cannot convert from 'HICON' to 'LPCWSTR'
C:\Users\A47521\Desktop\EDA\2122SI\FichasPraticas\FP6\Window.cpp(68,167): message : Types pointed to are unrelated; conversion requires reinterpret_cast, C-style cast or function-style cast
C:\Users\A47521\Desktop\EDA\2122SI\FichasPraticas\FP6\Window.cpp(72,14): error C2664: 'HWND CreateWindowExW(DWORD,LPCWSTR,LPCWSTR,DWORD,int,int,int,int,HWND,HMENU,HINSTANCE,LPVOID)': cannot convert argument 2 from 'const char [12]' to 'LPCWSTR'
C:\Users\A47521\Desktop\EDA\2122SI\FichasPraticas\FP6\Window.cpp(72,32): message : Types pointed to are unrelated; conversion requires reinterpret_cast, C-style cast or function-style cast
C:\Program Files (x86)\Windows Kits\10\Include\10.0.18362.0\um\winuser.h(4436,1): message : see declaration of 'CreateWindowExW'
  Generating Code...
